This is pdfTeX, Version 3.141592653-2.6-1.40.25 (MiKTeX 24.1) (preloaded format=pdflatex 2025.9.24)  12 FEB 2026 08:46
entering extended mode
 restricted \write18 enabled.
 file:line:error style messages enabled.
 %&-line parsing enabled.
**c:/Users/Lenovo/Desktop/PF3/delivery/Progetto_latex_paper/egpaper_final.tex
(c:/Users/Lenovo/Desktop/PF3/delivery/Progetto_latex_paper/egpaper_final.tex
LaTeX2e <2023-11-01> patch level 1
L3 programming layer <2024-01-04>
(C:\Users\Lenovo\Desktop\altro\imp\tex/latex/base\article.cls
Document Class: article 2023/05/17 v1.4n Standard LaTeX document class
(C:\Users\Lenovo\Desktop\altro\imp\tex/latex/base\size10.clo
File: size10.clo 2023/05/17 v1.4n Standard LaTeX file (size option)
)
\c@part=\count187
\c@section=\count188
\c@subsection=\count189
\c@subsubsection=\count190
\c@paragraph=\count191
\c@subparagraph=\count192
\c@figure=\count193
\c@table=\count194
\abovecaptionskip=\skip48
\belowcaptionskip=\skip49
\bibindent=\dimen140
) (cvpr.sty (eso-pic.sty
Package: eso-pic 2002/11/16 v1.1b eso-pic (RN)
 (cvpr_eso.sty

LaTeX Warning: You have requested package `eso-pic',
               but the package provides `everyshi'.

Package: everyshi 2001/05/15 v3.00 EveryShipout Package (MS)
) (C:\Users\Lenovo\Desktop\altro\imp\tex/latex/graphics\keyval.sty
Package: keyval 2022/05/29 v1.15 key=value parser (DPC)
\KV@toks@=\toks17
)) (C:\Users\Lenovo\Desktop\altro\imp\tex/latex/tools\xspace.sty
Package: xspace 2014/10/28 v1.13 Space after command names (DPC,MH)
)
CVPR 8.5 x 11-Inch Proceedings Style `cvpr.sty'.
\@ctmp=\skip50
\@figindent=\skip51
\cvprrulerbox=\box51
\cvprrulercount=\count195
\cvprruleroffset=\dimen141
\cv@lineheight=\dimen142
\cv@boxheight=\dimen143
\cv@tmpbox=\box52
\cv@refno=\count196
\cv@tot=\count197
\cv@tmpc@=\count198
\cv@tmpc=\count199
) (C:\Users\Lenovo\Desktop\altro\imp\tex/latex/psnfss\times.sty
Package: times 2020/03/25 PSNFSS-v9.3 (SPQR) 
) (C:\Users\Lenovo\Desktop\altro\imp\tex/latex/graphics\epsfig.sty
Package: epsfig 2017/06/25 v1.7b (e)psfig emulation (SPQR)
 (C:\Users\Lenovo\Desktop\altro\imp\tex/latex/graphics\graphicx.sty
Package: graphicx 2021/09/16 v1.2d Enhanced LaTeX Graphics (DPC,SPQR)
 (C:\Users\Lenovo\Desktop\altro\imp\tex/latex/graphics\graphics.sty
Package: graphics 2022/03/10 v1.4e Standard LaTeX Graphics (DPC,SPQR)
 (C:\Users\Lenovo\Desktop\altro\imp\tex/latex/graphics\trig.sty
Package: trig 2021/08/11 v1.11 sin cos tan (DPC)
) (C:\Users\Lenovo\Desktop\altro\imp\tex/latex/graphics-cfg\graphics.cfg
File: graphics.cfg 2016/06/04 v1.11 sample graphics configuration
)
Package graphics Info: Driver file: pdftex.def on input line 107.
 (C:\Users\Lenovo\Desktop\altro\imp\tex/latex/graphics-def\pdftex.def
File: pdftex.def 2022/09/22 v1.2b Graphics/color driver for pdftex
))
\Gin@req@height=\dimen144
\Gin@req@width=\dimen145
)
\epsfxsize=\dimen146
\epsfysize=\dimen147
) (C:\Users\Lenovo\Desktop\altro\imp\tex/latex/amsmath\amsmath.sty
Package: amsmath 2023/05/13 v2.17o AMS math features
\@mathmargin=\skip52

For additional information on amsmath, use the `?' option.
(C:\Users\Lenovo\Desktop\altro\imp\tex/latex/amsmath\amstext.sty
Package: amstext 2021/08/26 v2.01 AMS text
 (C:\Users\Lenovo\Desktop\altro\imp\tex/latex/amsmath\amsgen.sty
File: amsgen.sty 1999/11/30 v2.0 generic functions
\@emptytoks=\toks18
\ex@=\dimen148
)) (C:\Users\Lenovo\Desktop\altro\imp\tex/latex/amsmath\amsbsy.sty
Package: amsbsy 1999/11/29 v1.2d Bold Symbols
\pmbraise@=\dimen149
) (C:\Users\Lenovo\Desktop\altro\imp\tex/latex/amsmath\amsopn.sty
Package: amsopn 2022/04/08 v2.04 operator names
)
\inf@bad=\count266
LaTeX Info: Redefining \frac on input line 234.
\uproot@=\count267
\leftroot@=\count268
LaTeX Info: Redefining \overline on input line 399.
LaTeX Info: Redefining \colon on input line 410.
\classnum@=\count269
\DOTSCASE@=\count270
LaTeX Info: Redefining \ldots on input line 496.
LaTeX Info: Redefining \dots on input line 499.
LaTeX Info: Redefining \cdots on input line 620.
\Mathstrutbox@=\box53
\strutbox@=\box54
LaTeX Info: Redefining \big on input line 722.
LaTeX Info: Redefining \Big on input line 723.
LaTeX Info: Redefining \bigg on input line 724.
LaTeX Info: Redefining \Bigg on input line 725.
\big@size=\dimen150
LaTeX Font Info:    Redeclaring font encoding OML on input line 743.
LaTeX Font Info:    Redeclaring font encoding OMS on input line 744.
\macc@depth=\count271
LaTeX Info: Redefining \bmod on input line 905.
LaTeX Info: Redefining \pmod on input line 910.
LaTeX Info: Redefining \smash on input line 940.
LaTeX Info: Redefining \relbar on input line 970.
LaTeX Info: Redefining \Relbar on input line 971.
\c@MaxMatrixCols=\count272
\dotsspace@=\muskip16
\c@parentequation=\count273
\dspbrk@lvl=\count274
\tag@help=\toks19
\row@=\count275
\column@=\count276
\maxfields@=\count277
\andhelp@=\toks20
\eqnshift@=\dimen151
\alignsep@=\dimen152
\tagshift@=\dimen153
\tagwidth@=\dimen154
\totwidth@=\dimen155
\lineht@=\dimen156
\@envbody=\toks21
\multlinegap=\skip53
\multlinetaggap=\skip54
\mathdisplay@stack=\toks22
LaTeX Info: Redefining \[ on input line 2953.
LaTeX Info: Redefining \] on input line 2954.
) (C:\Users\Lenovo\Desktop\altro\imp\tex/latex/amsfonts\amssymb.sty
Package: amssymb 2013/01/14 v3.01 AMS font symbols
 (C:\Users\Lenovo\Desktop\altro\imp\tex/latex/amsfonts\amsfonts.sty
Package: amsfonts 2013/01/14 v3.01 Basic AMSFonts support
\symAMSa=\mathgroup4
\symAMSb=\mathgroup5
LaTeX Font Info:    Redeclaring math symbol \hbar on input line 98.
LaTeX Font Info:    Overwriting math alphabet `\mathfrak' in version `bold'
(Font)                  U/euf/m/n --> U/euf/b/n on input line 106.
)) (C:\Users\Lenovo\Desktop\altro\imp\tex/latex/tools\tabularx.sty
Package: tabularx 2023/07/08 v2.11c `tabularx' package (DPC)
 (C:\Users\Lenovo\Desktop\altro\imp\tex/latex/tools\array.sty
Package: array 2023/10/16 v2.5g Tabular extension package (FMi)
\col@sep=\dimen157
\ar@mcellbox=\box55
\extrarowheight=\dimen158
\NC@list=\toks23
\extratabsurround=\skip55
\backup@length=\skip56
\ar@cellbox=\box56
)
\TX@col@width=\dimen159
\TX@old@table=\dimen160
\TX@old@col=\dimen161
\TX@target=\dimen162
\TX@delta=\dimen163
\TX@cols=\count278
\TX@ftn=\toks24
) (C:\Users\Lenovo\Desktop\altro\imp\tex/latex/float\float.sty
Package: float 2001/11/08 v1.3d Float enhancements (AL)
\c@float@type=\count279
\float@exts=\toks25
\float@box=\box57
\@float@everytoks=\toks26
\@floatcapt=\box58
) (C:\Users\Lenovo\Desktop\altro\imp\tex/latex/caption\caption.sty
Package: caption 2023/08/05 v3.6o Customizing captions (AR)
 (C:\Users\Lenovo\Desktop\altro\imp\tex/latex/caption\caption3.sty
Package: caption3 2023/07/31 v2.4d caption3 kernel (AR)
\caption@tempdima=\dimen164
\captionmargin=\dimen165
\caption@leftmargin=\dimen166
\caption@rightmargin=\dimen167
\caption@width=\dimen168
\caption@indent=\dimen169
\caption@parindent=\dimen170
\caption@hangindent=\dimen171
Package caption Info: Unknown document class (or package),
(caption)             standard defaults will be used.
Package caption Info: \@makecaption = \long macro:#1#2-> \setbox \@tempboxa \hbox {\small \noindent #1.~#2} \setlength {\@ctmp }{\hsize } \addtolength {\@ctmp }{-\@figindent }\addtolength {\@ctmp }{-\@figindent } \ifdim \wd \@tempboxa >\@ctmp {\small #1.~#2\par } \else \hbox to\hsize {\hfil \box \@tempboxa \hfil } \fi  on input line 1175.
)

Package caption Warning: Unknown document class (or package),
(caption)                standard defaults will be used.
See the caption package documentation for explanation.

\c@caption@flags=\count280
\c@continuedfloat=\count281
Package caption Info: float package is loaded.
) (C:\Users\Lenovo\Desktop\altro\imp\tex/latex/hyperref\hyperref.sty
Package: hyperref 2023-11-26 v7.01g Hypertext links for LaTeX
 (C:\Users\Lenovo\Desktop\altro\imp\tex/generic/iftex\iftex.sty
Package: iftex 2022/02/03 v1.0f TeX engine tests
) (C:\Users\Lenovo\Desktop\altro\imp\tex/generic/infwarerr\infwarerr.sty
Package: infwarerr 2019/12/03 v1.5 Providing info/warning/error messages (HO)
) (C:\Users\Lenovo\Desktop\altro\imp\tex/latex/kvsetkeys\kvsetkeys.sty
Package: kvsetkeys 2022-10-05 v1.19 Key value parser (HO)
) (C:\Users\Lenovo\Desktop\altro\imp\tex/generic/kvdefinekeys\kvdefinekeys.sty
Package: kvdefinekeys 2019-12-19 v1.6 Define keys (HO)
) (C:\Users\Lenovo\Desktop\altro\imp\tex/generic/pdfescape\pdfescape.sty
Package: pdfescape 2019/12/09 v1.15 Implements pdfTeX's escape features (HO)
 (C:\Users\Lenovo\Desktop\altro\imp\tex/generic/ltxcmds\ltxcmds.sty
Package: ltxcmds 2023-12-04 v1.26 LaTeX kernel commands for general use (HO)
) (C:\Users\Lenovo\Desktop\altro\imp\tex/generic/pdftexcmds\pdftexcmds.sty
Package: pdftexcmds 2020-06-27 v0.33 Utility functions of pdfTeX for LuaTeX (HO)
Package pdftexcmds Info: \pdf@primitive is available.
Package pdftexcmds Info: \pdf@ifprimitive is available.
Package pdftexcmds Info: \pdfdraftmode found.
)) (C:\Users\Lenovo\Desktop\altro\imp\tex/latex/hycolor\hycolor.sty
Package: hycolor 2020-01-27 v1.10 Color options for hyperref/bookmark (HO)
) (C:\Users\Lenovo\Desktop\altro\imp\tex/latex/letltxmacro\letltxmacro.sty
Package: letltxmacro 2019/12/03 v1.6 Let assignment for LaTeX macros (HO)
) (C:\Users\Lenovo\Desktop\altro\imp\tex/latex/auxhook\auxhook.sty
Package: auxhook 2019-12-17 v1.6 Hooks for auxiliary files (HO)
) (C:\Users\Lenovo\Desktop\altro\imp\tex/latex/hyperref\nameref.sty
Package: nameref 2023-11-26 v2.56 Cross-referencing by name of section
 (C:\Users\Lenovo\Desktop\altro\imp\tex/latex/refcount\refcount.sty
Package: refcount 2019/12/15 v3.6 Data extraction from label references (HO)
) (C:\Users\Lenovo\Desktop\altro\imp\tex/generic/gettitlestring\gettitlestring.sty
Package: gettitlestring 2019/12/15 v1.6 Cleanup title references (HO)
 (C:\Users\Lenovo\Desktop\altro\imp\tex/latex/kvoptions\kvoptions.sty
Package: kvoptions 2022-06-15 v3.15 Key value format for package options (HO)
))
\c@section@level=\count282
) (C:\Users\Lenovo\Desktop\altro\imp\tex/latex/etoolbox\etoolbox.sty
Package: etoolbox 2020/10/05 v2.5k e-TeX tools for LaTeX (JAW)
\etb@tempcnta=\count283
)
\@linkdim=\dimen172
\Hy@linkcounter=\count284
\Hy@pagecounter=\count285
 (C:\Users\Lenovo\Desktop\altro\imp\tex/latex/hyperref\pd1enc.def
File: pd1enc.def 2023-11-26 v7.01g Hyperref: PDFDocEncoding definition (HO)
Now handling font encoding PD1 ...
... no UTF-8 mapping file for font encoding PD1
) (C:\Users\Lenovo\Desktop\altro\imp\tex/generic/intcalc\intcalc.sty
Package: intcalc 2019/12/15 v1.3 Expandable calculations with integers (HO)
)
\Hy@SavedSpaceFactor=\count286
 (C:\Users\Lenovo\Desktop\altro\imp\tex/latex/hyperref\puenc.def
File: puenc.def 2023-11-26 v7.01g Hyperref: PDF Unicode definition (HO)
Now handling font encoding PU ...
... no UTF-8 mapping file for font encoding PU
)
Package hyperref Info: Option `breaklinks' set `true' on input line 4064.
Package hyperref Info: Option `bookmarks' set `false' on input line 4064.
Package hyperref Info: Hyper figures OFF on input line 4181.
Package hyperref Info: Link nesting OFF on input line 4186.
Package hyperref Info: Hyper index ON on input line 4189.
Package hyperref Info: Plain pages OFF on input line 4196.
Package hyperref Info: Backreferencing OFF on input line 4201.
Package hyperref Info: Implicit mode ON; LaTeX internals redefined.
Package hyperref Info: Bookmarks OFF on input line 4454.
\c@Hy@tempcnt=\count287
 (C:\Users\Lenovo\Desktop\altro\imp\tex/latex/url\url.sty
\Urlmuskip=\muskip17
Package: url 2013/09/16  ver 3.4  Verb mode for urls, etc.
)
LaTeX Info: Redefining \url on input line 4786.
\XeTeXLinkMargin=\dimen173
 (C:\Users\Lenovo\Desktop\altro\imp\tex/generic/bitset\bitset.sty
Package: bitset 2019/12/09 v1.3 Handle bit-vector datatype (HO)
 (C:\Users\Lenovo\Desktop\altro\imp\tex/generic/bigintcalc\bigintcalc.sty
Package: bigintcalc 2019/12/15 v1.5 Expandable calculations on big integers (HO)
))
\Fld@menulength=\count288
\Field@Width=\dimen174
\Fld@charsize=\dimen175
Package hyperref Info: Hyper figures OFF on input line 6065.
Package hyperref Info: Link nesting OFF on input line 6070.
Package hyperref Info: Hyper index ON on input line 6073.
Package hyperref Info: backreferencing OFF on input line 6080.
Package hyperref Info: Link coloring OFF on input line 6085.
Package hyperref Info: Link coloring with OCG OFF on input line 6090.
Package hyperref Info: PDF/A mode OFF on input line 6095.
 (C:\Users\Lenovo\Desktop\altro\imp\tex/latex/base\atbegshi-ltx.sty
Package: atbegshi-ltx 2021/01/10 v1.0c Emulation of the original atbegshi
package with kernel methods
)
\Hy@abspage=\count289
\c@Item=\count290
\c@Hfootnote=\count291
)
Package hyperref Info: Driver (autodetected): hpdftex.
 (C:\Users\Lenovo\Desktop\altro\imp\tex/latex/hyperref\hpdftex.def
File: hpdftex.def 2023-11-26 v7.01g Hyperref driver for pdfTeX
 (C:\Users\Lenovo\Desktop\altro\imp\tex/latex/base\atveryend-ltx.sty
Package: atveryend-ltx 2020/08/19 v1.0a Emulation of the original atveryend package
with kernel methods
)
\Fld@listcount=\count292
\c@bookmark@seq@number=\count293
 (C:\Users\Lenovo\Desktop\altro\imp\tex/latex/rerunfilecheck\rerunfilecheck.sty
Package: rerunfilecheck 2025-06-21 v1.11 Rerun checks for auxiliary files (HO)
 (C:\Users\Lenovo\Desktop\altro\imp\tex/generic/uniquecounter\uniquecounter.sty
Package: uniquecounter 2019/12/15 v1.4 Provide unlimited unique counter (HO)
)
Package uniquecounter Info: New unique counter `rerunfilecheck' on input line 284.
)
\Hy@SectionHShift=\skip57
)
LaTeX Font Info:    Trying to load font information for OT1+ptm on input line 29.
 (C:\Users\Lenovo\Desktop\altro\imp\tex/latex/psnfss\ot1ptm.fd
File: ot1ptm.fd 2001/06/04 font definitions for OT1/ptm.
) (C:\Users\Lenovo\Desktop\altro\imp\tex/latex/l3backend\l3backend-pdftex.def
File: l3backend-pdftex.def 2024-01-04 L3 backend support: PDF output (pdfTeX)
\l__color_backend_stack_int=\count294
\l__pdf_internal_box=\box59
) (egpaper_final.aux)
\openout1 = `egpaper_final.aux'.

LaTeX Font Info:    Checking defaults for OML/cmm/m/it on input line 29.
LaTeX Font Info:    ... okay on input line 29.
LaTeX Font Info:    Checking defaults for OMS/cmsy/m/n on input line 29.
LaTeX Font Info:    ... okay on input line 29.
LaTeX Font Info:    Checking defaults for OT1/cmr/m/n on input line 29.
LaTeX Font Info:    ... okay on input line 29.
LaTeX Font Info:    Checking defaults for T1/cmr/m/n on input line 29.
LaTeX Font Info:    ... okay on input line 29.
LaTeX Font Info:    Checking defaults for TS1/cmr/m/n on input line 29.
LaTeX Font Info:    ... okay on input line 29.
LaTeX Font Info:    Checking defaults for OMX/cmex/m/n on input line 29.
LaTeX Font Info:    ... okay on input line 29.
LaTeX Font Info:    Checking defaults for U/cmr/m/n on input line 29.
LaTeX Font Info:    ... okay on input line 29.
LaTeX Font Info:    Checking defaults for PD1/pdf/m/n on input line 29.
LaTeX Font Info:    ... okay on input line 29.
LaTeX Font Info:    Checking defaults for PU/pdf/m/n on input line 29.
LaTeX Font Info:    ... okay on input line 29.
 ABD: EveryShipout initializing macros (C:\Users\Lenovo\Desktop\altro\imp\tex/latex/graphics\color.sty
Package: color 2022/01/06 v1.3d Standard LaTeX Color (DPC)
 (C:\Users\Lenovo\Desktop\altro\imp\tex/latex/graphics-cfg\color.cfg
File: color.cfg 2016/01/02 v1.6 sample color configuration
)
Package color Info: Driver file: pdftex.def on input line 149.
 (C:\Users\Lenovo\Desktop\altro\imp\tex/latex/graphics\mathcolor.ltx)) (C:\Users\Lenovo\Desktop\altro\imp\tex/context/base/mkii\supp-pdf.mkii
[Loading MPS to PDF converter (version 2006.09.02).]
\scratchcounter=\count295
\scratchdimen=\dimen176
\scratchbox=\box60
\nofMPsegments=\count296
\nofMParguments=\count297
\everyMPshowfont=\toks27
\MPscratchCnt=\count298
\MPscratchDim=\dimen177
\MPnumerator=\count299
\makeMPintoPDFobject=\count300
\everyMPtoPDFconversion=\toks28
) (C:\Users\Lenovo\Desktop\altro\imp\tex/latex/epstopdf-pkg\epstopdf-base.sty
Package: epstopdf-base 2020-01-24 v2.11 Base part for package epstopdf
Package epstopdf-base Info: Redefining graphics rule for `.eps' on input line 485.
 (C:\Users\Lenovo\Desktop\altro\imp\tex/latex/00miktex\epstopdf-sys.cfg
File: epstopdf-sys.cfg 2021/03/18 v2.0 Configuration of epstopdf for MiKTeX
))
Package caption Info: Begin \AtBeginDocument code.
Package caption Info: hyperref package is loaded.
Package caption Info: End \AtBeginDocument code.
Package hyperref Info: Link coloring OFF on input line 29.
LaTeX Font Info:    Trying to load font information for U+msa on input line 57.
 (C:\Users\Lenovo\Desktop\altro\imp\tex/latex/amsfonts\umsa.fd
File: umsa.fd 2013/01/14 v3.01 AMS symbols A
)
LaTeX Font Info:    Trying to load font information for U+msb on input line 57.
 (C:\Users\Lenovo\Desktop\altro\imp\tex/latex/amsfonts\umsb.fd
File: umsb.fd 2013/01/14 v3.01 AMS symbols B
)
LaTeX Font Info:    Trying to load font information for OT1+pcr on input line 57.
 (C:\Users\Lenovo\Desktop\altro\imp\tex/latex/psnfss\ot1pcr.fd
File: ot1pcr.fd 2001/06/04 font definitions for OT1/pcr.
)

pdfTeX warning: pdflatex (file ./imm/1immintro.pdf): PDF inclusion: found PDF version <1.7>, but at most version <1.5> allowed
<imm/1immintro.pdf, id=3, 520.34402pt x 239.09325pt>
File: imm/1immintro.pdf Graphic file (type pdf)
<use imm/1immintro.pdf>
Package pdftex.def Info: imm/1immintro.pdf  used on input line 80.
(pdftex.def)             Requested size: 237.13594pt x 108.9627pt.

Underfull \hbox (badness 1642) in paragraph at lines 96--103
[]\OT1/ptm/m/n/10 LogoDet-3K com-prises 3,000 logo cat-e-gories, with
 []

[4321{C:/Users/Lenovo/AppData/Local/MiKTeX/fonts/map/pdftex/pdftex.map}{C:/Users/Lenovo/Desktop/altro/imp/fonts/enc/dvips/base/8r.enc}


 <./imm/1immintro.pdf>]

pdfTeX warning: pdflatex (file ./imm/logodet3k_with_red_dots.pdf): PDF inclusion: found PDF version <1.7>, but at most version <1.5> allowed
<imm/logodet3k_with_red_dots.pdf, id=26, 1168.46535pt x 650.48624pt>
File: imm/logodet3k_with_red_dots.pdf Graphic file (type pdf)
<use imm/logodet3k_with_red_dots.pdf>
Package pdftex.def Info: imm/logodet3k_with_red_dots.pdf  used on input line 107.
(pdftex.def)             Requested size: 237.13594pt x 132.01057pt.

Underfull \hbox (badness 1087) in paragraph at lines 115--121
\OT1/ptm/m/n/10 and alpinestars-2 con-tained the same in-for-ma-tion) and
 []


Underfull \hbox (badness 10000) in paragraph at lines 115--121
\OT1/pcr/m/n/10 1yFiHK _ r6ae8Xs8uls8F-[]ccXHPpqVyh74 / view ?
 []

LaTeX Font Info:    Trying to load font information for TS1+ptm on input line 130.
(C:\Users\Lenovo\Desktop\altro\imp\tex/latex/psnfss\ts1ptm.fd
File: ts1ptm.fd 2001/06/04 font definitions for TS1/ptm.
)
Underfull \hbox (badness 3260) in paragraph at lines 131--132
[]\OT1/ptm/b/n/10 Augmentation: \OT1/ptm/m/n/10 Dur-ing train-ing, trans-for-ma-tions
 []


Underfull \hbox (badness 10000) in paragraph at lines 131--132
\OT1/ptm/m/n/10 are ap-plied, in-clud-ing \OT1/pcr/m/n/10 RandomResizedCrop\OT1/ptm/m/n/10 ,
 []

[4322 <./imm/logodet3k_with_red_dots.pdf>]
Underfull \hbox (badness 1107) in paragraph at lines 167--168
[]\OT1/ptm/b/n/10 Precision and Re-call\OT1/ptm/m/n/10 : Cal-cu-lated to an-a-lyze the
 []


Underfull \hbox (badness 2608) in paragraph at lines 198--198
[]|\OT1/ptm/m/n/10 Backbone LR Re-duc-tion
 []

[4323]
<imm/img41.pdf, id=65, 167.62625pt x 303.1325pt>
File: imm/img41.pdf Graphic file (type pdf)
<use imm/img41.pdf>
Package pdftex.def Info: imm/img41.pdf  used on input line 235.
(pdftex.def)             Requested size: 152.95369pt x 276.5957pt.

Underfull \vbox (badness 10000) has occurred while \output is active []

<imm/img42.pdf, id=68, 151.56625pt x 285.065pt>
File: imm/img42.pdf Graphic file (type pdf)
<use imm/img42.pdf>
Package pdftex.def Info: imm/img42.pdf  used on input line 288.
(pdftex.def)             Requested size: 152.95369pt x 287.67848pt.

Underfull \vbox (badness 10000) has occurred while \output is active []

 [4324 <./imm/img41.pdf>]
<imm/img43.pdf, id=80, 155.58125pt x 285.065pt>
File: imm/img43.pdf Graphic file (type pdf)
<use imm/img43.pdf>
Package pdftex.def Info: imm/img43.pdf  used on input line 331.
(pdftex.def)             Requested size: 152.95369pt x 280.25348pt.
<imm/img44.pdf, id=81, 151.56625pt x 268.00125pt>
File: imm/img44.pdf Graphic file (type pdf)
<use imm/img44.pdf>
Package pdftex.def Info: imm/img44.pdf  used on input line 372.
(pdftex.def)             Requested size: 152.95369pt x 270.45828pt.

Underfull \hbox (badness 4518) in paragraph at lines 406--406
[]|\OT1/ptm/m/n/10 MLP ($\OT1/cmr/m/n/10 2048 \OMS/cmsy/m/n/10 ! \OT1/cmr/m/n/10 256 \OMS/cmsy/m/n/10 !
 []


Underfull \vbox (badness 10000) has occurred while \output is active []

 [4325 <./imm/img42.pdf> <./imm/img43.pdf> <./imm/img44.pdf>]
<imm/img431.pdf, id=96, 151.56625pt x 289.08pt>
File: imm/img431.pdf Graphic file (type pdf)
<use imm/img431.pdf>
Package pdftex.def Info: imm/img431.pdf  used on input line 428.
(pdftex.def)             Requested size: 152.95369pt x 291.73029pt.

Underfull \hbox (badness 1910) in paragraph at lines 464--464
\OT1/ptm/m/n/10 ta-tion ($\OMS/cmsy/m/n/10 ^^F\OT1/cmr/m/n/10 15[]$\OT1/ptm/m/n/10 ), Ran-domGrayscale
 []

<imm/img433.pdf, id=99, 152.57pt x 284.06125pt>
File: imm/img433.pdf Graphic file (type pdf)
<use imm/img433.pdf>
Package pdftex.def Info: imm/img433.pdf  used on input line 510.
(pdftex.def)             Requested size: 152.95369pt x 284.78871pt.

Underfull \vbox (badness 10000) has occurred while \output is active []

 [4326 <./imm/img431.pdf>]
Underfull \vbox (badness 1275) has occurred while \output is active []

 [4327 <./imm/img433.pdf>]

pdfTeX warning: pdflatex (file ./imm/img5.pdf): PDF inclusion: found PDF version <1.7>, but at most version <1.5> allowed
<imm/img5.pdf, id=119, 453.23227pt x 159.10141pt>
File: imm/img5.pdf Graphic file (type pdf)
<use imm/img5.pdf>
Package pdftex.def Info: imm/img5.pdf  used on input line 640.
(pdftex.def)             Requested size: 152.95369pt x 53.69319pt.


pdfTeX warning: pdflatex (file ./imm/img45.pdf): PDF inclusion: found PDF version <1.7>, but at most version <1.5> allowed
<imm/img45.pdf, id=120, 453.65485pt x 375.66045pt>
File: imm/img45.pdf Graphic file (type pdf)
<use imm/img45.pdf>
Package pdftex.def Info: imm/img45.pdf  used on input line 653.
(pdftex.def)             Requested size: 152.95369pt x 126.65668pt.
[4328 <./imm/img5.pdf> <./imm/img45.pdf>] (egpaper_final.bbl) [4329

] (egpaper_final.aux)
 ***********
LaTeX2e <2023-11-01> patch level 1
L3 programming layer <2024-01-04>
 ***********
 ) 
Here is how much of TeX's memory you used:
 11684 strings out of 474486
 184813 string characters out of 5748911
 1946542 words of memory out of 5000000
 33745 multiletter control sequences out of 15000+600000
 585971 words of font info for 98 fonts, out of 8000000 for 9000
 1141 hyphenation exceptions out of 8191
 75i,14n,79p,944b,515s stack positions out of 10000i,1000n,20000p,200000b,200000s
<C:/Users/Lenovo/Desktop/altro/imp/fonts/type1/public/amsfonts/cm/cmmi10.pfb><C:/Users/Lenovo/Desktop/altro/imp/fonts/type1/public/amsfonts/cm/cmr10.pfb><C:/Users/Lenovo/Desktop/altro/imp/fonts/type1/public/amsfonts/cm/cmr7.pfb><C:/Users/Lenovo/Desktop/altro/imp/fonts/type1/public/amsfonts/cm/cmr9.pfb><C:/Users/Lenovo/Desktop/altro/imp/fonts/type1/public/amsfonts/cm/cmsy10.pfb><C:/Users/Lenovo/Desktop/altro/imp/fonts/type1/public/amsfonts/cm/cmsy7.pfb><C:/Users/Lenovo/Desktop/altro/imp/fonts/type1/public/amsfonts/cm/cmsy9.pfb><C:/Users/Lenovo/Desktop/altro/imp/fonts/type1/urw/courier/ucrr8a.pfb><C:/Users/Lenovo/Desktop/altro/imp/fonts/type1/urw/times/utmb8a.pfb><C:/Users/Lenovo/Desktop/altro/imp/fonts/type1/urw/times/utmr8a.pfb><C:/Users/Lenovo/Desktop/altro/imp/fonts/type1/urw/times/utmri8a.pfb>
Output written on egpaper_final.pdf (9 pages, 1676277 bytes).
PDF statistics:
 199 PDF objects out of 1000 (max. 8388607)
 47 named destinations out of 1000 (max. 500000)
 51 words of extra memory for PDF output out of 10000 (max. 10000000)

